<?xml version="1.0" encoding="UTF-8"?>
<!-- Generated by org.testng.reporters.JUnitReportReporter -->
<testsuite skipped="0" hostname="LAPTOP-G5J5VRF3" name="NewTest" tests="1" failures="0" timestamp="05 Apr 2020 03:06:56 GMT" time="13.148" errors="0">
  <testcase name="login" time="13.148" classname="NewTest"/>
</testsuite> <!-- NewTest -->
