<?xml version="1.0" encoding="UTF-8"?>
<!-- Generated by org.testng.reporters.JUnitReportReporter -->
<testsuite skipped="0" hostname="LAPTOP-G5J5VRF3" name="com.NewTest" tests="1" failures="0" timestamp="09 Mar 2020 01:51:13 GMT" time="24.451" errors="0">
  <testcase name="login" time="24.451" classname="com.NewTest"/>
</testsuite> <!-- com.NewTest -->
